<?xml version="1.0" encoding="UTF-8"?>
<!-- Generated by org.testng.reporters.JUnitReportReporter -->
<testsuite skipped="0" hostname="AhmedMagamy" name="automationpracticewebsiteTests.SigninPageTests" tests="3" failures="0" timestamp="31 May 2019 13:56:59 GMT" time="20.985" errors="0">
  <testcase name="loginTests" time="14.969" classname="automationpracticewebsiteTests.SigninPageTests"/>
  <testcase name="loginTests" time="3.188" classname="automationpracticewebsiteTests.SigninPageTests"/>
  <testcase name="loginTests" time="2.828" classname="automationpracticewebsiteTests.SigninPageTests"/>
</testsuite> <!-- automationpracticewebsiteTests.SigninPageTests -->
