<?xml version="1.0" encoding="UTF-8"?>
<!-- Generated by org.testng.reporters.JUnitReportReporter -->
<testsuite skipped="0" hostname="AhmedMagamy" name="automationpracticewebsiteTests.SigninPageTests" tests="3" failures="0" timestamp="31 May 2019 14:18:25 GMT" time="20.725" errors="0">
  <testcase name="loginTests" time="15.374" classname="automationpracticewebsiteTests.SigninPageTests"/>
  <testcase name="loginTests" time="2.798" classname="automationpracticewebsiteTests.SigninPageTests"/>
  <testcase name="loginTests" time="2.553" classname="automationpracticewebsiteTests.SigninPageTests"/>
</testsuite> <!-- automationpracticewebsiteTests.SigninPageTests -->
