<?xml version="1.0" encoding="UTF-8"?>
<!-- Generated by org.testng.reporters.JUnitReportReporter -->
<testsuite skipped="0" hostname="AhmedMagamy" name="automationpracticewebsiteTests.SigninPageTests" tests="1" failures="0" timestamp="30 May 2019 13:03:25 GMT" time="10.905" errors="0">
  <testcase name="login" time="10.905" classname="automationpracticewebsiteTests.SigninPageTests"/>
</testsuite> <!-- automationpracticewebsiteTests.SigninPageTests -->
